# JRE version: OpenJDK Runtime Environment (11.0.11+9) (build 11.0.11+9-b60-7590822)
# Java VM: OpenJDK 64-Bit Server VM (11.0.11+9-b60-7590822, mixed mode, tiered, compressed oops, g1 gc, windows-amd64)
Heap:
 garbage-first heap   total 650240K, used 191488K [0x0000000080000000, 0x0000000100000000)
  region size 1024K, 15 young (15360K), 15 survivors (15360K)
 Metaspace       used 109191K, capacity 111839K, committed 112332K, reserved 1146880K
  class space    used 13856K, capacity 14864K, committed 15104K, reserved 1048576K
GC Heap History (20 events):
Event: 17.429 GC heap after
{Heap after GC invocations=36 (full 0):
 garbage-first heap   total 225280K, used 124352K [0x0000000080000000, 0x0000000100000000)
  region size 1024K, 8 young (8192K), 8 survivors (8192K)
 Metaspace       used 103128K, capacity 105750K, committed 105932K, reserved 1140736K
  class space    used 13063K, capacity 14071K, committed 14080K, reserved 1048576K
}
Event: 17.611 GC heap before
{Heap before GC invocations=36 (full 0):
 garbage-first heap   total 225280K, used 175552K [0x0000000080000000, 0x0000000100000000)
  region size 1024K, 58 young (59392K), 8 survivors (8192K)
 Metaspace       used 104032K, capacity 106646K, committed 106956K, reserved 1142784K
  class space    used 13217K, capacity 14237K, committed 14336K, reserved 1048576K
}
Event: 17.630 GC heap after
{Heap after GC invocations=37 (full 0):
 garbage-first heap   total 225280K, used 134527K [0x0000000080000000, 0x0000000100000000)
  region size 1024K, 8 young (8192K), 8 survivors (8192K)
 Metaspace       used 104032K, capacity 106646K, committed 106956K, reserved 1142784K
  class space    used 13217K, capacity 14237K, committed 14336K, reserved 1048576K
}
Event: 17.721 GC heap before
{Heap before GC invocations=38 (full 0):
 garbage-first heap   total 225280K, used 179583K [0x0000000080000000, 0x0000000100000000)
  region size 1024K, 52 young (53248K), 8 survivors (8192K)
 Metaspace       used 104916K, capacity 107567K, committed 107852K, reserved 1142784K
  class space    used 13378K, capacity 14416K, committed 14464K, reserved 1048576K
}
Event: 17.743 GC heap after
{Heap after GC invocations=39 (full 0):
 garbage-first heap   total 312320K, used 143584K [0x0000000080000000, 0x0000000100000000)
  region size 1024K, 7 young (7168K), 7 survivors (7168K)
 Metaspace       used 104916K, capacity 107567K, committed 107852K, reserved 1142784K
  class space    used 13378K, capacity 14416K, committed 14464K, reserved 1048576K
}
Event: 17.761 GC heap before
{Heap before GC invocations=39 (full 0):
 garbage-first heap   total 312320K, used 151776K [0x0000000080000000, 0x0000000100000000)
  region size 1024K, 15 young (15360K), 7 survivors (7168K)
 Metaspace       used 105013K, capacity 107644K, committed 107852K, reserved 1142784K
  class space    used 13392K, capacity 14420K, committed 14464K, reserved 1048576K
}
Event: 17.772 GC heap after
{Heap after GC invocations=40 (full 0):
 garbage-first heap   total 312320K, used 144172K [0x0000000080000000, 0x0000000100000000)
  region size 1024K, 2 young (2048K), 2 survivors (2048K)
 Metaspace       used 105013K, capacity 107644K, committed 107852K, reserved 1142784K
  class space    used 13392K, capacity 14420K, committed 14464K, reserved 1048576K
}
Event: 17.986 GC heap before
{Heap before GC invocations=40 (full 0):
 garbage-first heap   total 312320K, used 215852K [0x0000000080000000, 0x0000000100000000)
  region size 1024K, 72 young (73728K), 2 survivors (2048K)
 Metaspace       used 106620K, capacity 109407K, committed 109516K, reserved 1144832K
  class space    used 13674K, capacity 14751K, committed 14848K, reserved 1048576K
}
Event: 18.005 GC heap after
{Heap after GC invocations=41 (full 0):
 garbage-first heap   total 312320K, used 155570K [0x0000000080000000, 0x0000000100000000)
  region size 1024K, 9 young (9216K), 9 survivors (9216K)
 Metaspace       used 106620K, capacity 109407K, committed 109516K, reserved 1144832K
  class space    used 13674K, capacity 14751K, committed 14848K, reserved 1048576K
}
Event: 18.272 GC heap before
{Heap before GC invocations=41 (full 0):
 garbage-first heap   total 312320K, used 226226K [0x0000000080000000, 0x0000000100000000)
  region size 1024K, 78 young (79872K), 9 survivors (9216K)
 Metaspace       used 107215K, capacity 109742K, committed 110668K, reserved 1144832K
  class space    used 13665K, capacity 14643K, committed 14976K, reserved 1048576K
}
Event: 18.296 GC heap after
{Heap after GC invocations=42 (full 0):
 garbage-first heap   total 312320K, used 165200K [0x0000000080000000, 0x0000000100000000)
  region size 1024K, 9 young (9216K), 9 survivors (9216K)
 Metaspace       used 107215K, capacity 109742K, committed 110668K, reserved 1144832K
  class space    used 13665K, capacity 14643K, committed 14976K, reserved 1048576K
}
Event: 18.440 GC heap before
{Heap before GC invocations=43 (full 0):
 garbage-first heap   total 312320K, used 234832K [0x0000000080000000, 0x0000000100000000)
  region size 1024K, 77 young (78848K), 9 survivors (9216K)
 Metaspace       used 107868K, capacity 110418K, committed 111180K, reserved 1144832K
  class space    used 13739K, capacity 14714K, committed 14976K, reserved 1048576K
}
Event: 18.468 GC heap after
{Heap after GC invocations=44 (full 0):
 garbage-first heap   total 503808K, used 175702K [0x0000000080000000, 0x0000000100000000)
  region size 1024K, 10 young (10240K), 10 survivors (10240K)
 Metaspace       used 107868K, capacity 110418K, committed 111180K, reserved 1144832K
  class space    used 13739K, capacity 14714K, committed 14976K, reserved 1048576K
}
Event: 18.511 GC heap before
{Heap before GC invocations=44 (full 0):
 garbage-first heap   total 503808K, used 190038K [0x0000000080000000, 0x0000000100000000)
  region size 1024K, 24 young (24576K), 10 survivors (10240K)
 Metaspace       used 107943K, capacity 110521K, committed 111308K, reserved 1144832K
  class space    used 13748K, capacity 14748K, committed 15104K, reserved 1048576K
}
Event: 18.525 GC heap after
{Heap after GC invocations=45 (full 0):
 garbage-first heap   total 503808K, used 178884K [0x0000000080000000, 0x0000000100000000)
  region size 1024K, 3 young (3072K), 3 survivors (3072K)
 Metaspace       used 107943K, capacity 110521K, committed 111308K, reserved 1144832K
  class space    used 13748K, capacity 14748K, committed 15104K, reserved 1048576K
}
Event: 19.192 GC heap before
{Heap before GC invocations=45 (full 0):
 garbage-first heap   total 503808K, used 312004K [0x0000000080000000, 0x0000000100000000)
  region size 1024K, 133 young (136192K), 3 survivors (3072K)
 Metaspace       used 108561K, capacity 111208K, committed 111820K, reserved 1146880K
  class space    used 13831K, capacity 14849K, committed 15104K, reserved 1048576K
}
Event: 19.207 GC heap after
{Heap after GC invocations=46 (full 0):
 garbage-first heap   total 503808K, used 183746K [0x0000000080000000, 0x0000000100000000)
  region size 1024K, 8 young (8192K), 8 survivors (8192K)
 Metaspace       used 108561K, capacity 111208K, committed 111820K, reserved 1146880K
  class space    used 13831K, capacity 14849K, committed 15104K, reserved 1048576K
}
Event: 19.931 GC heap before
{Heap before GC invocations=46 (full 0):
 garbage-first heap   total 503808K, used 363970K [0x0000000080000000, 0x0000000100000000)
  region size 1024K, 185 young (189440K), 8 survivors (8192K)
 Metaspace       used 108937K, capacity 111576K, committed 112076K, reserved 1146880K
  class space    used 13853K, capacity 14864K, committed 15104K, reserved 1048576K
}
Event: 19.944 GC heap after
{Heap after GC invocations=47 (full 0):
 garbage-first heap   total 503808K, used 185276K [0x0000000080000000, 0x0000000100000000)
  region size 1024K, 9 young (9216K), 9 survivors (9216K)
 Metaspace       used 108937K, capacity 111576K, committed 112076K, reserved 1146880K
  class space    used 13853K, capacity 14864K, committed 15104K, reserved 1048576K
}
Event: 20.494 GC heap before
{Heap before GC invocations=47 (full 0):
 garbage-first heap   total 503808K, used 390076K [0x0000000080000000, 0x0000000100000000)
  region size 1024K, 210 young (215040K), 9 survivors (9216K)
 Metaspace       used 109191K, capacity 111839K, committed 112332K, reserved 1146880K
  class space    used 13856K, capacity 14864K, committed 15104K, reserved 1048576K
}

