# JRE version: OpenJDK Runtime Environment (11.0.11+9) (build 11.0.11+9-b60-7590822)
# Java VM: OpenJDK 64-Bit Server VM (11.0.11+9-b60-7590822, mixed mode, tiered, compressed oops, g1 gc, windows-amd64)
Heap:
 garbage-first heap   total 565248K, used 265241K [0x0000000080000000, 0x0000000100000000)
  region size 1024K, 85 young (87040K), 2 survivors (2048K)
 Metaspace       used 107182K, capacity 109635K, committed 110412K, reserved 1144832K
  class space    used 13636K, capacity 14582K, committed 14924K, reserved 1048576K
GC Heap History (20 events):
Event: 17.314 GC heap before
{Heap before GC invocations=31 (full 0):
 garbage-first heap   total 225280K, used 111142K [0x0000000080000000, 0x0000000100000000)
  region size 1024K, 11 young (11264K), 9 survivors (9216K)
 Metaspace       used 97628K, capacity 99861K, committed 100172K, reserved 1136640K
  class space    used 12239K, capacity 13067K, committed 13132K, reserved 1048576K
}
Event: 17.320 GC heap after
{Heap after GC invocations=32 (full 0):
 garbage-first heap   total 225280K, used 94153K [0x0000000080000000, 0x0000000100000000)
  region size 1024K, 2 young (2048K), 2 survivors (2048K)
 Metaspace       used 97628K, capacity 99861K, committed 100172K, reserved 1136640K
  class space    used 12239K, capacity 13067K, committed 13132K, reserved 1048576K
}
Event: 17.581 GC heap before
{Heap before GC invocations=32 (full 0):
 garbage-first heap   total 225280K, used 169929K [0x0000000080000000, 0x0000000100000000)
  region size 1024K, 75 young (76800K), 2 survivors (2048K)
 Metaspace       used 100508K, capacity 102922K, committed 102988K, reserved 1138688K
  class space    used 12683K, capacity 13599K, committed 13644K, reserved 1048576K
}
Event: 17.591 GC heap after
{Heap after GC invocations=33 (full 0):
 garbage-first heap   total 225280K, used 112148K [0x0000000080000000, 0x0000000100000000)
  region size 1024K, 10 young (10240K), 10 survivors (10240K)
 Metaspace       used 100508K, capacity 102922K, committed 102988K, reserved 1138688K
  class space    used 12683K, capacity 13599K, committed 13644K, reserved 1048576K
}
Event: 17.809 GC heap before
{Heap before GC invocations=33 (full 0):
 garbage-first heap   total 225280K, used 172564K [0x0000000080000000, 0x0000000100000000)
  region size 1024K, 70 young (71680K), 10 survivors (10240K)
 Metaspace       used 101990K, capacity 104440K, committed 104524K, reserved 1140736K
  class space    used 12886K, capacity 13825K, committed 13900K, reserved 1048576K
}
Event: 17.833 GC heap after
{Heap after GC invocations=34 (full 0):
 garbage-first heap   total 225280K, used 123029K [0x0000000080000000, 0x0000000100000000)
  region size 1024K, 9 young (9216K), 9 survivors (9216K)
 Metaspace       used 101990K, capacity 104440K, committed 104524K, reserved 1140736K
  class space    used 12886K, capacity 13825K, committed 13900K, reserved 1048576K
}
Event: 17.993 GC heap before
{Heap before GC invocations=34 (full 0):
 garbage-first heap   total 225280K, used 175253K [0x0000000080000000, 0x0000000100000000)
  region size 1024K, 61 young (62464K), 9 survivors (9216K)
 Metaspace       used 102880K, capacity 105257K, committed 105676K, reserved 1140736K
  class space    used 12963K, capacity 13878K, committed 14028K, reserved 1048576K
}
Event: 18.014 GC heap after
{Heap after GC invocations=35 (full 0):
 garbage-first heap   total 225280K, used 133836K [0x0000000080000000, 0x0000000100000000)
  region size 1024K, 8 young (8192K), 8 survivors (8192K)
 Metaspace       used 102880K, capacity 105257K, committed 105676K, reserved 1140736K
  class space    used 12963K, capacity 13878K, committed 14028K, reserved 1048576K
}
Event: 18.116 GC heap before
{Heap before GC invocations=36 (full 0):
 garbage-first heap   total 225280K, used 179916K [0x0000000080000000, 0x0000000100000000)
  region size 1024K, 53 young (54272K), 8 survivors (8192K)
 Metaspace       used 103357K, capacity 105926K, committed 106060K, reserved 1140736K
  class space    used 13075K, capacity 14072K, committed 14156K, reserved 1048576K
}
Event: 18.132 GC heap after
{Heap after GC invocations=37 (full 0):
 garbage-first heap   total 225280K, used 143360K [0x0000000080000000, 0x0000000100000000)
  region size 1024K, 7 young (7168K), 7 survivors (7168K)
 Metaspace       used 103357K, capacity 105926K, committed 106060K, reserved 1140736K
  class space    used 13075K, capacity 14072K, committed 14156K, reserved 1048576K
}
Event: 18.139 GC heap before
{Heap before GC invocations=37 (full 0):
 garbage-first heap   total 225280K, used 147456K [0x0000000080000000, 0x0000000100000000)
  region size 1024K, 11 young (11264K), 7 survivors (7168K)
 Metaspace       used 103373K, capacity 105929K, committed 106060K, reserved 1140736K
  class space    used 13077K, capacity 14072K, committed 14156K, reserved 1048576K
}
Event: 18.151 GC heap after
{Heap after GC invocations=38 (full 0):
 garbage-first heap   total 311296K, used 142973K [0x0000000080000000, 0x0000000100000000)
  region size 1024K, 2 young (2048K), 2 survivors (2048K)
 Metaspace       used 103373K, capacity 105929K, committed 106060K, reserved 1140736K
  class space    used 13077K, capacity 14072K, committed 14156K, reserved 1048576K
}
Event: 18.272 GC heap before
{Heap before GC invocations=38 (full 0):
 garbage-first heap   total 311296K, used 217725K [0x0000000080000000, 0x0000000100000000)
  region size 1024K, 75 young (76800K), 2 survivors (2048K)
 Metaspace       used 104305K, capacity 106885K, committed 106956K, reserved 1142784K
  class space    used 13251K, capacity 14263K, committed 14284K, reserved 1048576K
}
Event: 18.293 GC heap after
{Heap after GC invocations=39 (full 0):
 garbage-first heap   total 311296K, used 155467K [0x0000000080000000, 0x0000000100000000)
  region size 1024K, 10 young (10240K), 10 survivors (10240K)
 Metaspace       used 104305K, capacity 106885K, committed 106956K, reserved 1142784K
  class space    used 13251K, capacity 14263K, committed 14284K, reserved 1048576K
}
Event: 18.467 GC heap before
{Heap before GC invocations=39 (full 0):
 garbage-first heap   total 311296K, used 230219K [0x0000000080000000, 0x0000000100000000)
  region size 1024K, 84 young (86016K), 10 survivors (10240K)
 Metaspace       used 105581K, capacity 108252K, committed 108492K, reserved 1142784K
  class space    used 13475K, capacity 14513K, committed 14540K, reserved 1048576K
}
Event: 18.490 GC heap after
{Heap after GC invocations=40 (full 0):
 garbage-first heap   total 311296K, used 168960K [0x0000000080000000, 0x0000000100000000)
  region size 1024K, 11 young (11264K), 11 survivors (11264K)
 Metaspace       used 105581K, capacity 108252K, committed 108492K, reserved 1142784K
  class space    used 13475K, capacity 14513K, committed 14540K, reserved 1048576K
}
Event: 18.789 GC heap before
{Heap before GC invocations=41 (full 0):
 garbage-first heap   total 311296K, used 236544K [0x0000000080000000, 0x0000000100000000)
  region size 1024K, 77 young (78848K), 11 survivors (11264K)
 Metaspace       used 106381K, capacity 108850K, committed 109516K, reserved 1144832K
  class space    used 13555K, capacity 14501K, committed 14796K, reserved 1048576K
}
Event: 18.815 GC heap after
{Heap after GC invocations=42 (full 0):
 garbage-first heap   total 311296K, used 180212K [0x0000000080000000, 0x0000000100000000)
  region size 1024K, 10 young (10240K), 10 survivors (10240K)
 Metaspace       used 106381K, capacity 108850K, committed 109516K, reserved 1144832K
  class space    used 13555K, capacity 14501K, committed 14796K, reserved 1048576K
}
Event: 18.838 GC heap before
{Heap before GC invocations=42 (full 0):
 garbage-first heap   total 311296K, used 185332K [0x0000000080000000, 0x0000000100000000)
  region size 1024K, 15 young (15360K), 10 survivors (10240K)
 Metaspace       used 106428K, capacity 108916K, committed 109772K, reserved 1144832K
  class space    used 13559K, capacity 14501K, committed 14796K, reserved 1048576K
}
Event: 18.867 GC heap after
{Heap after GC invocations=43 (full 0):
 garbage-first heap   total 565248K, used 181273K [0x0000000080000000, 0x0000000100000000)
  region size 1024K, 2 young (2048K), 2 survivors (2048K)
 Metaspace       used 106428K, capacity 108916K, committed 109772K, reserved 1144832K
  class space    used 13559K, capacity 14501K, committed 14796K, reserved 1048576K
}

