# JRE version: OpenJDK Runtime Environment (11.0.11+9) (build 11.0.11+9-b60-7590822)
# Java VM: OpenJDK 64-Bit Server VM (11.0.11+9-b60-7590822, mixed mode, tiered, compressed oops, g1 gc, windows-amd64)
Heap:
 garbage-first heap   total 893952K, used 233990K [0x0000000080000000, 0x0000000100000000)
  region size 1024K, 9 young (9216K), 9 survivors (9216K)
 Metaspace       used 132924K, capacity 136595K, committed 136704K, reserved 1167360K
  class space    used 16796K, capacity 18136K, committed 18176K, reserved 1048576K
GC Heap History (20 events):
Event: 304.877 GC heap after
{Heap after GC invocations=106 (full 0):
 garbage-first heap   total 225280K, used 176098K [0x0000000080000000, 0x0000000100000000)
  region size 1024K, 3 young (3072K), 3 survivors (3072K)
 Metaspace       used 128082K, capacity 131555K, committed 131712K, reserved 1163264K
  class space    used 15993K, capacity 17242K, committed 17280K, reserved 1048576K
}
Event: 304.950 GC heap before
{Heap before GC invocations=106 (full 0):
 garbage-first heap   total 225280K, used 191458K [0x0000000080000000, 0x0000000100000000)
  region size 1024K, 19 young (19456K), 3 survivors (3072K)
 Metaspace       used 128440K, capacity 131943K, committed 132096K, reserved 1163264K
  class space    used 16045K, capacity 17306K, committed 17408K, reserved 1048576K
}
Event: 304.961 GC heap after
{Heap after GC invocations=107 (full 0):
 garbage-first heap   total 225280K, used 179580K [0x0000000080000000, 0x0000000100000000)
  region size 1024K, 3 young (3072K), 3 survivors (3072K)
 Metaspace       used 128440K, capacity 131943K, committed 132096K, reserved 1163264K
  class space    used 16045K, capacity 17306K, committed 17408K, reserved 1048576K
}
Event: 304.988 GC heap before
{Heap before GC invocations=108 (full 0):
 garbage-first heap   total 225280K, used 193916K [0x0000000080000000, 0x0000000100000000)
  region size 1024K, 17 young (17408K), 3 survivors (3072K)
 Metaspace       used 128615K, capacity 132071K, committed 132352K, reserved 1165312K
  class space    used 16062K, capacity 17306K, committed 17408K, reserved 1048576K
}
Event: 304.997 GC heap after
{Heap after GC invocations=109 (full 0):
 garbage-first heap   total 225280K, used 183227K [0x0000000080000000, 0x0000000100000000)
  region size 1024K, 3 young (3072K), 3 survivors (3072K)
 Metaspace       used 128615K, capacity 132071K, committed 132352K, reserved 1165312K
  class space    used 16062K, capacity 17306K, committed 17408K, reserved 1048576K
}
Event: 305.010 GC heap before
{Heap before GC invocations=109 (full 0):
 garbage-first heap   total 225280K, used 190395K [0x0000000080000000, 0x0000000100000000)
  region size 1024K, 11 young (11264K), 3 survivors (3072K)
 Metaspace       used 128708K, capacity 132200K, committed 132352K, reserved 1165312K
  class space    used 16066K, capacity 17306K, committed 17408K, reserved 1048576K
}
Event: 305.020 GC heap after
{Heap after GC invocations=110 (full 0):
 garbage-first heap   total 225280K, used 180389K [0x0000000080000000, 0x0000000100000000)
  region size 1024K, 2 young (2048K), 2 survivors (2048K)
 Metaspace       used 128708K, capacity 132200K, committed 132352K, reserved 1165312K
  class space    used 16066K, capacity 17306K, committed 17408K, reserved 1048576K
}
Event: 305.039 GC heap before
{Heap before GC invocations=110 (full 0):
 garbage-first heap   total 225280K, used 193701K [0x0000000080000000, 0x0000000100000000)
  region size 1024K, 15 young (15360K), 2 survivors (2048K)
 Metaspace       used 128806K, capacity 132296K, committed 132608K, reserved 1165312K
  class space    used 16082K, capacity 17338K, committed 17408K, reserved 1048576K
}
Event: 305.047 GC heap after
{Heap after GC invocations=111 (full 0):
 garbage-first heap   total 225280K, used 183169K [0x0000000080000000, 0x0000000100000000)
  region size 1024K, 2 young (2048K), 2 survivors (2048K)
 Metaspace       used 128806K, capacity 132296K, committed 132608K, reserved 1165312K
  class space    used 16082K, capacity 17338K, committed 17408K, reserved 1048576K
}
Event: 305.065 GC heap before
{Heap before GC invocations=111 (full 0):
 garbage-first heap   total 225280K, used 195457K [0x0000000080000000, 0x0000000100000000)
  region size 1024K, 14 young (14336K), 2 survivors (2048K)
 Metaspace       used 128872K, capacity 132360K, committed 132608K, reserved 1165312K
  class space    used 16092K, capacity 17338K, committed 17408K, reserved 1048576K
}
Event: 305.070 GC heap after
{Heap after GC invocations=112 (full 0):
 garbage-first heap   total 225280K, used 186077K [0x0000000080000000, 0x0000000100000000)
  region size 1024K, 2 young (2048K), 2 survivors (2048K)
 Metaspace       used 128872K, capacity 132360K, committed 132608K, reserved 1165312K
  class space    used 16092K, capacity 17338K, committed 17408K, reserved 1048576K
}
Event: 305.084 GC heap before
{Heap before GC invocations=112 (full 0):
 garbage-first heap   total 225280K, used 196317K [0x0000000080000000, 0x0000000100000000)
  region size 1024K, 12 young (12288K), 2 survivors (2048K)
 Metaspace       used 128964K, capacity 132456K, committed 132608K, reserved 1165312K
  class space    used 16116K, capacity 17370K, committed 17408K, reserved 1048576K
}
Event: 305.093 GC heap after
{Heap after GC invocations=113 (full 0):
 garbage-first heap   total 397312K, used 188622K [0x0000000080000000, 0x0000000100000000)
  region size 1024K, 2 young (2048K), 2 survivors (2048K)
 Metaspace       used 128964K, capacity 132456K, committed 132608K, reserved 1165312K
  class space    used 16116K, capacity 17370K, committed 17408K, reserved 1048576K
}
Event: 305.301 GC heap before
{Heap before GC invocations=113 (full 0):
 garbage-first heap   total 397312K, used 249038K [0x0000000080000000, 0x0000000100000000)
  region size 1024K, 62 young (63488K), 2 survivors (2048K)
 Metaspace       used 129875K, capacity 133452K, committed 133504K, reserved 1165312K
  class space    used 16250K, capacity 17535K, committed 17536K, reserved 1048576K
}
Event: 305.316 GC heap after
{Heap after GC invocations=114 (full 0):
 garbage-first heap   total 397312K, used 199635K [0x0000000080000000, 0x0000000100000000)
  region size 1024K, 8 young (8192K), 8 survivors (8192K)
 Metaspace       used 129875K, capacity 133452K, committed 133504K, reserved 1165312K
  class space    used 16250K, capacity 17535K, committed 17536K, reserved 1048576K
}
Event: 305.472 GC heap before
{Heap before GC invocations=114 (full 0):
 garbage-first heap   total 397312K, used 263123K [0x0000000080000000, 0x0000000100000000)
  region size 1024K, 70 young (71680K), 8 survivors (8192K)
 Metaspace       used 130095K, capacity 133559K, committed 133888K, reserved 1165312K
  class space    used 16283K, capacity 17535K, committed 17664K, reserved 1048576K
}
Event: 305.496 GC heap after
{Heap after GC invocations=115 (full 0):
 garbage-first heap   total 397312K, used 212071K [0x0000000080000000, 0x0000000100000000)
  region size 1024K, 9 young (9216K), 9 survivors (9216K)
 Metaspace       used 130095K, capacity 133559K, committed 133888K, reserved 1165312K
  class space    used 16283K, capacity 17535K, committed 17664K, reserved 1048576K
}
Event: 305.626 GC heap before
{Heap before GC invocations=116 (full 0):
 garbage-first heap   total 397312K, used 274535K [0x0000000080000000, 0x0000000100000000)
  region size 1024K, 71 young (72704K), 9 survivors (9216K)
 Metaspace       used 131144K, capacity 134701K, committed 134912K, reserved 1167360K
  class space    used 16491K, capacity 17802K, committed 17920K, reserved 1048576K
}
Event: 305.645 GC heap after
{Heap after GC invocations=117 (full 0):
 garbage-first heap   total 397312K, used 223696K [0x0000000080000000, 0x0000000100000000)
  region size 1024K, 9 young (9216K), 9 survivors (9216K)
 Metaspace       used 131144K, capacity 134701K, committed 134912K, reserved 1167360K
  class space    used 16491K, capacity 17802K, committed 17920K, reserved 1048576K
}
Event: 305.869 GC heap before
{Heap before GC invocations=117 (full 0):
 garbage-first heap   total 397312K, used 286160K [0x0000000080000000, 0x0000000100000000)
  region size 1024K, 71 young (72704K), 9 survivors (9216K)
 Metaspace       used 132924K, capacity 136595K, committed 136704K, reserved 1167360K
  class space    used 16796K, capacity 18136K, committed 18176K, reserved 1048576K
}

