# JRE version: OpenJDK Runtime Environment (11.0.11+9) (build 11.0.11+9-b60-7590822)
# Java VM: OpenJDK 64-Bit Server VM (11.0.11+9-b60-7590822, mixed mode, tiered, compressed oops, g1 gc, windows-amd64)
Heap:
 garbage-first heap   total 1060864K, used 218259K [0x0000000080000000, 0x0000000100000000)
  region size 1024K, 10 young (10240K), 10 survivors (10240K)
 Metaspace       used 132674K, capacity 135731K, committed 136064K, reserved 1167360K
  class space    used 16523K, capacity 17718K, committed 17792K, reserved 1048576K
GC Heap History (20 events):
Event: 5975.437 GC heap after
{Heap after GC invocations=65 (full 0):
 garbage-first heap   total 225280K, used 135373K [0x0000000080000000, 0x0000000100000000)
  region size 1024K, 6 young (6144K), 6 survivors (6144K)
 Metaspace       used 123011K, capacity 125767K, committed 126208K, reserved 1159168K
  class space    used 15119K, capacity 16148K, committed 16384K, reserved 1048576K
}
Event: 5976.015 GC heap before
{Heap before GC invocations=66 (full 0):
 garbage-first heap   total 225280K, used 178381K [0x0000000080000000, 0x0000000100000000)
  region size 1024K, 49 young (50176K), 6 survivors (6144K)
 Metaspace       used 123409K, capacity 126169K, committed 126720K, reserved 1159168K
  class space    used 15149K, capacity 16165K, committed 16384K, reserved 1048576K
}
Event: 5976.024 GC heap after
{Heap after GC invocations=67 (full 0):
 garbage-first heap   total 225280K, used 137289K [0x0000000080000000, 0x0000000100000000)
  region size 1024K, 3 young (3072K), 3 survivors (3072K)
 Metaspace       used 123409K, capacity 126169K, committed 126720K, reserved 1159168K
  class space    used 15149K, capacity 16165K, committed 16384K, reserved 1048576K
}
Event: 5976.098 GC heap before
{Heap before GC invocations=67 (full 0):
 garbage-first heap   total 225280K, used 145481K [0x0000000080000000, 0x0000000100000000)
  region size 1024K, 11 young (11264K), 3 survivors (3072K)
 Metaspace       used 123465K, capacity 126179K, committed 126720K, reserved 1159168K
  class space    used 15150K, capacity 16166K, committed 16384K, reserved 1048576K
}
Event: 5976.108 GC heap after
{Heap after GC invocations=68 (full 0):
 garbage-first heap   total 283648K, used 130364K [0x0000000080000000, 0x0000000100000000)
  region size 1024K, 1 young (1024K), 1 survivors (1024K)
 Metaspace       used 123465K, capacity 126179K, committed 126720K, reserved 1159168K
  class space    used 15150K, capacity 16166K, committed 16384K, reserved 1048576K
}
Event: 5976.485 GC heap before
{Heap before GC invocations=68 (full 0):
 garbage-first heap   total 283648K, used 178492K [0x0000000080000000, 0x0000000100000000)
  region size 1024K, 50 young (51200K), 1 survivors (1024K)
 Metaspace       used 124661K, capacity 127454K, committed 127616K, reserved 1161216K
  class space    used 15342K, capacity 16424K, committed 16512K, reserved 1048576K
}
Event: 5976.511 GC heap after
{Heap after GC invocations=69 (full 0):
 garbage-first heap   total 283648K, used 142285K [0x0000000080000000, 0x0000000100000000)
  region size 1024K, 10 young (10240K), 10 survivors (10240K)
 Metaspace       used 124661K, capacity 127454K, committed 127616K, reserved 1161216K
  class space    used 15342K, capacity 16424K, committed 16512K, reserved 1048576K
}
Event: 5976.959 GC heap before
{Heap before GC invocations=69 (full 0):
 garbage-first heap   total 283648K, used 212941K [0x0000000080000000, 0x0000000100000000)
  region size 1024K, 78 young (79872K), 10 survivors (10240K)
 Metaspace       used 125855K, capacity 128671K, committed 128768K, reserved 1161216K
  class space    used 15503K, capacity 16596K, committed 16640K, reserved 1048576K
}
Event: 5976.978 GC heap after
{Heap after GC invocations=70 (full 0):
 garbage-first heap   total 283648K, used 154707K [0x0000000080000000, 0x0000000100000000)
  region size 1024K, 10 young (10240K), 10 survivors (10240K)
 Metaspace       used 125855K, capacity 128671K, committed 128768K, reserved 1161216K
  class space    used 15503K, capacity 16596K, committed 16640K, reserved 1048576K
}
Event: 5977.309 GC heap before
{Heap before GC invocations=71 (full 0):
 garbage-first heap   total 283648K, used 216147K [0x0000000080000000, 0x0000000100000000)
  region size 1024K, 71 young (72704K), 10 survivors (10240K)
 Metaspace       used 127622K, capacity 130544K, committed 130688K, reserved 1163264K
  class space    used 15784K, capacity 16933K, committed 17024K, reserved 1048576K
}
Event: 5977.330 GC heap after
{Heap after GC invocations=72 (full 0):
 garbage-first heap   total 283648K, used 163414K [0x0000000080000000, 0x0000000100000000)
  region size 1024K, 9 young (9216K), 9 survivors (9216K)
 Metaspace       used 127622K, capacity 130544K, committed 130688K, reserved 1163264K
  class space    used 15784K, capacity 16933K, committed 17024K, reserved 1048576K
}
Event: 5977.337 GC heap before
{Heap before GC invocations=72 (full 0):
 garbage-first heap   total 283648K, used 167510K [0x0000000080000000, 0x0000000100000000)
  region size 1024K, 13 young (13312K), 9 survivors (9216K)
 Metaspace       used 127640K, capacity 130544K, committed 130688K, reserved 1163264K
  class space    used 15786K, capacity 16933K, committed 17024K, reserved 1048576K
}
Event: 5977.364 GC heap after
{Heap after GC invocations=73 (full 0):
 garbage-first heap   total 462848K, used 163236K [0x0000000080000000, 0x0000000100000000)
  region size 1024K, 2 young (2048K), 2 survivors (2048K)
 Metaspace       used 127640K, capacity 130544K, committed 130688K, reserved 1163264K
  class space    used 15786K, capacity 16933K, committed 17024K, reserved 1048576K
}
Event: 5977.743 GC heap before
{Heap before GC invocations=73 (full 0):
 garbage-first heap   total 462848K, used 273828K [0x0000000080000000, 0x0000000100000000)
  region size 1024K, 111 young (113664K), 2 survivors (2048K)
 Metaspace       used 130212K, capacity 133276K, committed 133504K, reserved 1165312K
  class space    used 16259K, capacity 17460K, committed 17536K, reserved 1048576K
}
Event: 5978.036 GC heap after
{Heap after GC invocations=74 (full 0):
 garbage-first heap   total 462848K, used 182772K [0x0000000080000000, 0x0000000100000000)
  region size 1024K, 14 young (14336K), 14 survivors (14336K)
 Metaspace       used 130212K, capacity 133276K, committed 133504K, reserved 1165312K
  class space    used 16259K, capacity 17460K, committed 17536K, reserved 1048576K
}
Event: 5978.338 GC heap before
{Heap before GC invocations=74 (full 0):
 garbage-first heap   total 462848K, used 272884K [0x0000000080000000, 0x0000000100000000)
  region size 1024K, 102 young (104448K), 14 survivors (14336K)
 Metaspace       used 131670K, capacity 134881K, committed 135040K, reserved 1167360K
  class space    used 16442K, capacity 17668K, committed 17792K, reserved 1048576K
}
Event: 5978.367 GC heap after
{Heap after GC invocations=75 (full 0):
 garbage-first heap   total 462848K, used 196957K [0x0000000080000000, 0x0000000100000000)
  region size 1024K, 13 young (13312K), 13 survivors (13312K)
 Metaspace       used 131670K, capacity 134881K, committed 135040K, reserved 1167360K
  class space    used 16442K, capacity 17668K, committed 17792K, reserved 1048576K
}
Event: 5978.659 GC heap before
{Heap before GC invocations=76 (full 0):
 garbage-first heap   total 462848K, used 291165K [0x0000000080000000, 0x0000000100000000)
  region size 1024K, 105 young (107520K), 13 survivors (13312K)
 Metaspace       used 132527K, capacity 135632K, committed 135808K, reserved 1167360K
  class space    used 16499K, capacity 17706K, committed 17792K, reserved 1048576K
}
Event: 5978.685 GC heap after
{Heap after GC invocations=77 (full 0):
 garbage-first heap   total 462848K, used 208504K [0x0000000080000000, 0x0000000100000000)
  region size 1024K, 11 young (11264K), 11 survivors (11264K)
 Metaspace       used 132527K, capacity 135632K, committed 135808K, reserved 1167360K
  class space    used 16499K, capacity 17706K, committed 17792K, reserved 1048576K
}
Event: 5978.927 GC heap before
{Heap before GC invocations=77 (full 0):
 garbage-first heap   total 462848K, used 327288K [0x0000000080000000, 0x0000000100000000)
  region size 1024K, 127 young (130048K), 11 survivors (11264K)
 Metaspace       used 132674K, capacity 135731K, committed 136064K, reserved 1167360K
  class space    used 16523K, capacity 17718K, committed 17792K, reserved 1048576K
}

